[2026-06-07 14:55:56] [INFO] Server running on port 5000
[2026-06-07 14:56:48] [INFO] Server running on port 5000
[2026-06-07 15:04:04] [INFO] POST /api/auth/register
[2026-06-07 15:05:35] [INFO] Server running on port 5000
[2026-06-07 15:05:43] [INFO] POST /api/auth/register
[2026-06-07 15:12:31] [INFO] Server running on port 5000
[2026-06-07 15:12:44] [INFO] POST /api/auth/register
[2026-06-07 15:14:23] [INFO] Server running on port 5000
[2026-06-07 15:14:33] [INFO] POST /api/auth/register
[2026-06-07 15:20:35] [INFO] Server running on port 5000
[2026-06-07 15:20:50] [INFO] Server running on port 5000
[2026-06-07 15:20:54] [INFO] POST /api/auth/register
[2026-06-07 15:26:45] [INFO] Server running on port 5000
[2026-06-07 15:27:45] [INFO] POST /api/auth/register
[2026-06-07 15:28:14] [INFO] POST /api/auth/login
[2026-06-07 15:28:15] [INFO] User '01a8ac3f-fa9a-476a-92c5-5f4bbc4d7e07' logged in.
[2026-06-07 15:28:26] [INFO] POST /api/auth/login
[2026-06-07 15:28:41] [INFO] POST /api/auth/login
[2026-06-07 15:28:42] [INFO] User '01a8ac3f-fa9a-476a-92c5-5f4bbc4d7e07' logged in.
[2026-06-07 15:29:38] [INFO] POST /api/employees
[2026-06-07 15:29:38] [INFO] User '01a8ac3f-fa9a-476a-92c5-5f4bbc4d7e07' added a new employee with ID 47a81cfc-2355-4cdd-8310-e6d5df0b5d52.
[2026-06-07 15:48:34] [INFO] Server running on port 5000
[2026-06-07 15:49:04] [INFO] POST /api/auth/register
[2026-06-07 15:49:52] [INFO] POST /api/auth/register
[2026-06-07 15:50:08] [INFO] POST /api/auth/login
[2026-06-07 15:50:09] [INFO] User 'ba88beed-4069-419c-92c5-92615298399b' logged in.
[2026-06-07 15:50:09] [INFO] GET /api/employees
[2026-06-07 15:50:21] [INFO] GET /api/teams
[2026-06-07 15:50:22] [INFO] GET /api/logs
[2026-06-07 15:50:32] [INFO] GET /api/logs
[2026-06-07 15:50:34] [INFO] GET /api/employees
[2026-06-07 15:52:02] [INFO] POST /api/employees
[2026-06-07 15:52:02] [INFO] User 'ba88beed-4069-419c-92c5-92615298399b' added a new employee with ID 470f76c5-2971-4d19-a965-63f2f7669303.
[2026-06-07 15:52:02] [INFO] GET /api/employees
[2026-06-07 15:52:06] [INFO] GET /api/teams
[2026-06-07 15:52:12] [INFO] POST /api/teams
[2026-06-07 15:52:12] [INFO] User 'ba88beed-4069-419c-92c5-92615298399b' created a new team with ID 8cf02cc8-c456-44f4-975d-d85963362383.
[2026-06-07 15:52:12] [INFO] GET /api/teams
[2026-06-07 15:52:15] [INFO] GET /api/teams/8cf02cc8-c456-44f4-975d-d85963362383
[2026-06-07 15:52:15] [INFO] GET /api/employees
[2026-06-07 15:52:19] [INFO] POST /api/teams/8cf02cc8-c456-44f4-975d-d85963362383/assign
[2026-06-07 15:52:19] [INFO] User 'ba88beed-4069-419c-92c5-92615298399b' assigned employee 470f76c5-2971-4d19-a965-63f2f7669303 to team 8cf02cc8-c456-44f4-975d-d85963362383.
[2026-06-07 15:52:19] [INFO] GET /api/employees
[2026-06-07 15:52:19] [INFO] GET /api/teams/8cf02cc8-c456-44f4-975d-d85963362383
[2026-06-07 15:52:19] [INFO] GET /api/employees
[2026-06-07 15:52:19] [INFO] GET /api/teams/8cf02cc8-c456-44f4-975d-d85963362383
[2026-06-07 15:52:23] [INFO] DELETE /api/teams/8cf02cc8-c456-44f4-975d-d85963362383/assign/470f76c5-2971-4d19-a965-63f2f7669303
[2026-06-07 15:52:23] [INFO] User 'ba88beed-4069-419c-92c5-92615298399b' removed employee 470f76c5-2971-4d19-a965-63f2f7669303 from team 8cf02cc8-c456-44f4-975d-d85963362383.
[2026-06-07 15:52:23] [INFO] GET /api/teams/8cf02cc8-c456-44f4-975d-d85963362383
[2026-06-07 15:52:23] [INFO] GET /api/employees
[2026-06-07 15:52:23] [INFO] GET /api/employees
[2026-06-07 15:52:23] [INFO] GET /api/teams/8cf02cc8-c456-44f4-975d-d85963362383
[2026-06-07 15:52:25] [INFO] GET /api/employees
[2026-06-07 15:52:26] [INFO] GET /api/logs
[2026-06-07 15:52:36] [INFO] GET /api/logs
[2026-06-07 15:52:52] [INFO] GET /api/logs
[2026-06-07 15:54:11] [INFO] GET /api/logs
[2026-06-07 15:54:30] [INFO] Server running on port 5000
[2026-06-07 15:54:30] [INFO] GET /api/logs
[2026-06-07 15:54:38] [INFO] GET /api/logs
[2026-06-07 15:55:22] [INFO] Server running on port 5000
[2026-06-07 15:55:53] [INFO] Server running on port 5000
[2026-06-07 15:57:06] [INFO] Server running on port 5000
[2026-06-07 15:57:25] [INFO] Server running on port 5000
[2026-06-07 15:57:41] [INFO] Server running on port 5000
[2026-06-07 15:57:45] [INFO] Server running on port 5000
[2026-06-07 15:58:07] [INFO] Server running on port 5000
[2026-06-07 15:58:24] [INFO] Server running on port 5000
[2026-06-07 15:58:34] [INFO] Server running on port 5000
[2026-06-07 15:58:50] [INFO] Server running on port 5000
[2026-06-07 15:59:09] [INFO] Server running on port 5000
[2026-06-07 15:59:13] [INFO] Server running on port 5000
[2026-06-07 15:59:26] [INFO] GET /api/logs
[2026-06-07 15:59:30] [INFO] GET /api/logs
[2026-06-07 15:59:32] [INFO] GET /api/employees
[2026-06-07 16:00:10] [INFO] POST /api/employees
[2026-06-07 16:00:10] [INFO] User 'evallo123@gmail.com' added a new employee with ID 798c383d-130a-4d05-aa7b-ce432504b52a.
[2026-06-07 16:00:10] [INFO] GET /api/employees
[2026-06-07 16:00:13] [INFO] GET /api/teams
[2026-06-07 16:00:20] [INFO] GET /api/teams/8cf02cc8-c456-44f4-975d-d85963362383
[2026-06-07 16:00:20] [INFO] GET /api/employees
[2026-06-07 16:00:27] [INFO] POST /api/teams/8cf02cc8-c456-44f4-975d-d85963362383/assign
[2026-06-07 16:00:27] [INFO] User 'evallo123@gmail.com' assigned employee 798c383d-130a-4d05-aa7b-ce432504b52a to team 8cf02cc8-c456-44f4-975d-d85963362383.
[2026-06-07 16:00:27] [INFO] GET /api/employees
[2026-06-07 16:00:27] [INFO] GET /api/teams/8cf02cc8-c456-44f4-975d-d85963362383
[2026-06-07 16:00:27] [INFO] GET /api/employees
[2026-06-07 16:00:27] [INFO] GET /api/teams/8cf02cc8-c456-44f4-975d-d85963362383
[2026-06-07 16:00:31] [INFO] POST /api/teams/8cf02cc8-c456-44f4-975d-d85963362383/assign
[2026-06-07 16:00:31] [INFO] User 'evallo123@gmail.com' assigned employee 470f76c5-2971-4d19-a965-63f2f7669303 to team 8cf02cc8-c456-44f4-975d-d85963362383.
[2026-06-07 16:00:31] [INFO] GET /api/employees
[2026-06-07 16:00:31] [INFO] GET /api/teams/8cf02cc8-c456-44f4-975d-d85963362383
[2026-06-07 16:00:31] [INFO] GET /api/employees
[2026-06-07 16:00:31] [INFO] GET /api/teams/8cf02cc8-c456-44f4-975d-d85963362383
[2026-06-07 16:00:36] [INFO] GET /api/logs
[2026-06-07 16:00:46] [INFO] GET /api/logs
[2026-06-07 16:01:26] [INFO] Server running on port 5000
[2026-06-07 16:01:33] [INFO] Server running on port 5000
[2026-06-07 16:03:26] [INFO] GET /api/logs
[2026-06-07 16:03:37] [INFO] GET /api/logs
[2026-06-07 16:03:38] [INFO] GET /api/employees
[2026-06-07 16:03:41] [INFO] POST /api/auth/logout
[2026-06-07 16:03:41] [INFO] User 'evallo123@gmail.com' logged out.
[2026-06-07 16:04:02] [INFO] POST /api/auth/login
[2026-06-07 16:04:02] [INFO] User 'evallo123@gmail.com' logged in.
[2026-06-07 16:04:02] [INFO] GET /api/employees
[2026-06-07 16:04:05] [INFO] GET /api/teams
[2026-06-07 16:04:08] [INFO] GET /api/teams/8cf02cc8-c456-44f4-975d-d85963362383
[2026-06-07 16:04:08] [INFO] GET /api/employees
[2026-06-07 16:04:12] [INFO] GET /api/teams
[2026-06-07 16:04:15] [INFO] GET /api/teams/8cf02cc8-c456-44f4-975d-d85963362383
[2026-06-07 16:04:15] [INFO] GET /api/employees
[2026-06-07 16:04:17] [INFO] GET /api/teams
[2026-06-07 16:04:26] [INFO] GET /api/employees
[2026-06-07 16:04:43] [INFO] POST /api/auth/logout
[2026-06-07 16:04:43] [INFO] User 'evallo123@gmail.com' logged out.
[2026-06-07 16:38:21] [INFO] POST /api/auth/login
[2026-06-07 16:38:22] [INFO] User 'evallo123@gmail.com' logged in.
[2026-06-07 16:38:22] [INFO] GET /api/employees
[2026-06-07 16:38:56] [INFO] GET /api/employees
[2026-06-07 16:40:02] [INFO] GET /api/employees
[2026-06-07 16:40:50] [INFO] GET /api/employees
[2026-06-07 16:41:36] [INFO] GET /api/employees
[2026-06-07 16:42:28] [INFO] GET /api/employees
[2026-06-07 16:43:17] [INFO] GET /api/employees
[2026-06-07 16:46:13] [INFO] GET /api/teams
[2026-06-07 16:46:17] [INFO] GET /api/teams/8cf02cc8-c456-44f4-975d-d85963362383
[2026-06-07 16:46:17] [INFO] GET /api/employees
[2026-06-07 16:46:20] [INFO] DELETE /api/teams/8cf02cc8-c456-44f4-975d-d85963362383/assign/470f76c5-2971-4d19-a965-63f2f7669303
[2026-06-07 16:46:20] [INFO] User 'evallo123@gmail.com' removed employee 470f76c5-2971-4d19-a965-63f2f7669303 from team 8cf02cc8-c456-44f4-975d-d85963362383.
[2026-06-07 16:46:20] [INFO] GET /api/employees
[2026-06-07 16:46:20] [INFO] GET /api/teams/8cf02cc8-c456-44f4-975d-d85963362383
[2026-06-07 16:46:20] [INFO] GET /api/employees
[2026-06-07 16:46:20] [INFO] GET /api/teams/8cf02cc8-c456-44f4-975d-d85963362383
[2026-06-07 16:46:22] [INFO] GET /api/employees
[2026-06-07 16:47:04] [INFO] GET /api/employees
[2026-06-07 16:47:06] [INFO] GET /api/employees
[2026-06-07 16:49:16] [INFO] GET /api/employees
[2026-06-07 16:50:00] [INFO] GET /api/employees
[2026-06-07 16:50:18] [INFO] GET /api/teams
[2026-06-07 16:50:19] [INFO] GET /api/employees
[2026-06-07 16:52:59] [INFO] GET /api/employees
[2026-06-07 16:53:31] [INFO] GET /api/employees
[2026-06-07 16:53:45] [INFO] GET /api/employees
[2026-06-07 16:53:54] [INFO] GET /api/employees
[2026-06-07 16:56:44] [INFO] GET /api/employees
[2026-06-07 16:56:51] [INFO] GET /api/employees
[2026-06-07 16:57:00] [INFO] GET /api/employees
[2026-06-07 16:57:17] [INFO] GET /api/employees
[2026-06-07 16:57:29] [INFO] GET /api/employees
[2026-06-07 16:57:33] [INFO] GET /api/logs
[2026-06-07 16:57:35] [INFO] GET /api/teams
[2026-06-07 16:57:36] [INFO] GET /api/employees
[2026-06-07 16:57:48] [INFO] GET /api/teams
[2026-06-07 16:57:49] [INFO] GET /api/employees
[2026-06-07 16:57:57] [INFO] GET /api/employees
[2026-06-07 16:58:05] [INFO] GET /api/employees
[2026-06-07 16:58:17] [INFO] GET /api/employees
[2026-06-07 16:58:27] [INFO] GET /api/employees
[2026-06-07 16:58:37] [INFO] GET /api/employees
[2026-06-07 16:58:47] [INFO] GET /api/employees
[2026-06-07 16:59:52] [INFO] GET /api/employees
[2026-06-07 17:03:32] [INFO] GET /api/employees
[2026-06-07 17:04:51] [INFO] GET /api/employees
[2026-06-07 17:04:54] [INFO] GET /api/teams
[2026-06-07 17:04:58] [INFO] GET /api/employees
[2026-06-07 17:05:32] [INFO] GET /api/employees
[2026-06-07 17:05:37] [INFO] GET /api/employees
[2026-06-07 17:06:11] [INFO] GET /api/employees
[2026-06-07 17:19:32] [INFO] GET /api/employees
[2026-06-07 17:19:39] [INFO] GET /api/employees
[2026-06-07 17:20:00] [INFO] GET /api/employees
[2026-06-07 17:20:02] [INFO] GET /api/teams
[2026-06-07 17:20:09] [INFO] GET /api/employees
[2026-06-07 17:21:34] [INFO] GET /api/employees
[2026-06-07 17:21:38] [INFO] GET /api/employees
[2026-06-07 17:21:48] [INFO] GET /api/employees
[2026-06-07 17:21:52] [INFO] GET /api/employees
[2026-06-07 17:22:25] [INFO] GET /api/employees
[2026-06-07 17:22:30] [INFO] GET /api/employees
[2026-06-07 17:22:47] [INFO] GET /api/employees
[2026-06-07 17:22:48] [INFO] GET /api/employees
[2026-06-07 17:28:29] [INFO] GET /api/employees
[2026-06-07 17:38:59] [INFO] GET /api/employees
[2026-06-07 17:40:16] [INFO] GET /api/employees
[2026-06-07 17:40:27] [INFO] GET /api/teams
[2026-06-07 17:40:32] [INFO] GET /api/logs
[2026-06-07 17:40:50] [INFO] GET /api/logs
[2026-06-07 17:40:52] [INFO] GET /api/teams
[2026-06-07 17:40:53] [INFO] GET /api/employees
[2026-06-07 17:40:54] [INFO] GET /api/logs
[2026-06-07 17:42:25] [INFO] GET /api/logs
[2026-06-07 17:43:01] [INFO] GET /api/logs
[2026-06-07 17:43:04] [INFO] GET /api/logs
[2026-06-07 17:43:05] [INFO] GET /api/logs
[2026-06-07 17:43:08] [INFO] GET /api/employees
[2026-06-07 17:43:13] [INFO] GET /api/logs
[2026-06-07 17:43:18] [INFO] GET /api/teams
[2026-06-07 17:43:20] [INFO] GET /api/employees
[2026-06-07 17:43:21] [INFO] GET /api/teams
[2026-06-07 17:43:22] [INFO] GET /api/logs
[2026-06-07 17:43:24] [INFO] GET /api/teams
[2026-06-07 17:44:15] [INFO] GET /api/teams
[2026-06-07 17:44:17] [INFO] GET /api/logs
[2026-06-07 17:44:18] [INFO] GET /api/employees
[2026-06-07 17:44:19] [INFO] GET /api/teams
[2026-06-07 17:44:20] [INFO] GET /api/employees
[2026-06-07 17:44:34] [INFO] GET /api/employees
[2026-06-07 17:44:35] [INFO] GET /api/teams
[2026-06-07 17:44:36] [INFO] GET /api/logs
[2026-06-07 17:44:38] [INFO] GET /api/teams
[2026-06-07 17:44:39] [INFO] GET /api/logs
[2026-06-07 17:44:42] [INFO] GET /api/teams
[2026-06-07 17:44:43] [INFO] GET /api/logs
[2026-06-07 17:44:58] [INFO] GET /api/logs
[2026-06-07 17:45:00] [INFO] GET /api/teams
[2026-06-07 17:45:01] [INFO] GET /api/logs
[2026-06-07 17:45:03] [INFO] GET /api/teams
[2026-06-07 17:46:30] [INFO] GET /api/teams
[2026-06-07 17:48:18] [INFO] GET /api/teams
[2026-06-07 17:52:19] [INFO] GET /api/teams
[2026-06-07 17:52:21] [INFO] GET /api/employees
[2026-06-07 17:52:22] [INFO] GET /api/teams
[2026-06-07 17:52:23] [INFO] GET /api/logs
[2026-06-07 17:52:26] [INFO] GET /api/teams
[2026-06-07 17:52:28] [INFO] GET /api/employees
[2026-06-07 17:52:47] [INFO] GET /api/employees
[2026-06-07 17:53:14] [INFO] GET /api/employees
[2026-06-07 17:53:29] [INFO] GET /api/employees
[2026-06-07 17:54:59] [INFO] GET /api/employees
[2026-06-07 17:55:11] [INFO] GET /api/employees
[2026-06-07 17:55:25] [INFO] GET /api/employees
[2026-06-07 17:55:28] [INFO] POST /api/auth/logout
[2026-06-07 17:55:28] [INFO] User 'evallo123@gmail.com' logged out.
[2026-06-07 19:07:27] [INFO] POST /api/auth/login
[2026-06-07 19:07:29] [INFO] User 'evallo123@gmail.com' logged in.
[2026-06-07 19:07:29] [INFO] GET /api/employees
[2026-06-07 19:07:31] [INFO] GET /api/teams
[2026-06-07 19:07:32] [INFO] GET /api/logs
[2026-06-07 19:07:33] [INFO] GET /api/employees
[2026-06-07 19:07:53] [INFO] GET /api/employees
[2026-06-07 19:08:39] [INFO] GET /api/employees
[2026-06-07 19:08:49] [INFO] GET /api/employees
[2026-06-07 19:09:16] [INFO] GET /api/employees
[2026-06-07 19:09:42] [INFO] GET /api/employees
[2026-06-07 19:09:47] [INFO] GET /api/employees
[2026-06-07 19:10:06] [INFO] GET /api/employees
[2026-06-07 19:10:13] [INFO] GET /api/employees
[2026-06-07 19:10:29] [INFO] GET /api/employees
[2026-06-07 19:10:29] [INFO] GET /api/employees
[2026-06-07 19:10:53] [INFO] GET /api/employees
[2026-06-07 19:11:00] [INFO] GET /api/employees
[2026-06-07 19:11:06] [INFO] GET /api/employees
[2026-06-07 19:11:16] [INFO] GET /api/employees
[2026-06-07 19:11:18] [INFO] GET /api/employees
[2026-06-07 19:11:56] [INFO] GET /api/employees
[2026-06-07 19:12:06] [INFO] GET /api/employees
[2026-06-07 19:12:07] [INFO] GET /api/employees
[2026-06-07 19:12:14] [INFO] GET /api/employees
[2026-06-07 19:12:14] [INFO] GET /api/employees
[2026-06-07 19:12:39] [INFO] GET /api/employees
[2026-06-07 19:12:43] [INFO] GET /api/employees
[2026-06-07 19:12:45] [INFO] GET /api/employees
[2026-06-07 19:12:53] [INFO] GET /api/employees
[2026-06-07 19:12:55] [INFO] GET /api/employees
[2026-06-07 19:12:58] [INFO] GET /api/employees
[2026-06-07 19:13:09] [INFO] GET /api/employees
[2026-06-07 19:13:13] [INFO] GET /api/employees
[2026-06-07 19:13:15] [INFO] GET /api/employees
[2026-06-07 19:13:24] [INFO] GET /api/employees
[2026-06-07 19:13:35] [INFO] GET /api/employees
[2026-06-07 19:14:18] [INFO] GET /api/employees
[2026-06-07 19:14:25] [INFO] GET /api/employees
[2026-06-07 19:14:42] [INFO] GET /api/employees
[2026-06-07 19:14:45] [INFO] GET /api/employees
[2026-06-07 19:15:23] [INFO] GET /api/employees
[2026-06-07 19:17:50] [INFO] GET /api/employees
[2026-06-07 19:17:51] [INFO] GET /api/employees
[2026-06-07 19:18:06] [INFO] GET /api/employees
[2026-06-07 19:18:14] [INFO] GET /api/employees
[2026-06-07 19:18:24] [INFO] GET /api/employees
[2026-06-07 19:18:35] [INFO] GET /api/employees
[2026-06-07 19:18:42] [INFO] GET /api/employees
[2026-06-07 19:18:49] [INFO] GET /api/employees
[2026-06-07 19:19:04] [INFO] GET /api/employees
[2026-06-07 19:19:13] [INFO] GET /api/employees
[2026-06-07 19:19:23] [INFO] GET /api/employees
[2026-06-07 19:19:38] [INFO] GET /api/employees
[2026-06-07 19:20:13] [INFO] GET /api/employees
[2026-06-07 19:20:29] [INFO] GET /api/employees
[2026-06-07 19:20:42] [INFO] GET /api/employees
[2026-06-07 19:20:58] [INFO] GET /api/employees
[2026-06-07 19:21:03] [INFO] GET /api/employees
[2026-06-07 19:21:10] [INFO] GET /api/employees
[2026-06-07 19:21:25] [INFO] GET /api/employees
[2026-06-07 19:21:55] [INFO] GET /api/employees
[2026-06-07 19:22:01] [INFO] GET /api/employees
[2026-06-07 19:22:14] [INFO] GET /api/employees
[2026-06-07 19:22:19] [INFO] GET /api/employees
[2026-06-07 19:22:21] [INFO] GET /api/employees
[2026-06-07 19:22:25] [INFO] GET /api/employees
[2026-06-07 19:23:07] [INFO] GET /api/employees
[2026-06-07 19:24:23] [INFO] GET /api/employees
[2026-06-07 19:24:47] [INFO] GET /api/employees
[2026-06-07 19:24:47] [INFO] GET /api/employees
[2026-06-07 19:25:42] [INFO] GET /api/employees
[2026-06-07 19:25:46] [INFO] GET /api/employees
[2026-06-07 19:26:34] [INFO] GET /api/employees
[2026-06-07 19:26:36] [INFO] GET /api/employees
[2026-06-07 19:27:53] [INFO] GET /api/employees
[2026-06-07 19:31:17] [INFO] GET /api/employees
[2026-06-07 19:33:06] [INFO] GET /api/employees
[2026-06-07 19:35:00] [INFO] GET /api/employees
[2026-06-07 19:35:00] [INFO] GET /api/employees
[2026-06-07 19:35:08] [INFO] GET /api/employees
[2026-06-07 19:35:15] [INFO] GET /api/employees
[2026-06-07 19:35:16] [INFO] GET /api/employees
[2026-06-07 19:35:25] [INFO] GET /api/employees
[2026-06-07 19:35:25] [INFO] GET /api/employees
[2026-06-07 19:35:50] [INFO] GET /api/employees
[2026-06-07 19:35:56] [INFO] GET /api/employees
[2026-06-07 19:36:02] [INFO] GET /api/employees
[2026-06-07 19:36:49] [INFO] GET /api/employees
[2026-06-07 19:36:50] [INFO] GET /api/employees
[2026-06-07 19:37:04] [INFO] GET /api/employees
[2026-06-07 19:37:05] [INFO] GET /api/employees
[2026-06-07 19:37:20] [INFO] GET /api/employees
[2026-06-07 19:37:20] [INFO] GET /api/employees
[2026-06-07 19:37:36] [INFO] GET /api/teams
[2026-06-07 19:37:37] [INFO] GET /api/employees
[2026-06-07 19:37:39] [INFO] GET /api/logs
[2026-06-07 19:37:42] [INFO] GET /api/employees
[2026-06-07 19:43:23] [INFO] GET /api/employees
[2026-06-07 19:43:24] [INFO] GET /api/employees
[2026-06-07 19:44:50] [INFO] GET /api/employees
[2026-06-07 19:44:51] [INFO] GET /api/employees
[2026-06-07 19:45:49] [INFO] GET /api/employees
[2026-06-07 19:45:50] [INFO] GET /api/employees
[2026-06-07 19:45:56] [INFO] GET /api/employees
[2026-06-07 19:46:01] [INFO] GET /api/employees
[2026-06-07 19:46:28] [INFO] GET /api/employees
[2026-06-07 19:46:55] [INFO] GET /api/employees
[2026-06-07 19:47:00] [INFO] GET /api/employees
[2026-06-07 19:47:10] [INFO] GET /api/employees
[2026-06-07 19:47:23] [INFO] GET /api/employees
[2026-06-07 19:47:30] [INFO] GET /api/employees
[2026-06-07 19:48:53] [INFO] GET /api/employees
[2026-06-07 19:49:09] [INFO] GET /api/employees
[2026-06-07 19:49:13] [INFO] GET /api/employees
[2026-06-07 19:49:16] [INFO] GET /api/employees
[2026-06-07 19:49:21] [INFO] GET /api/employees
[2026-06-07 19:49:26] [INFO] GET /api/employees
[2026-06-07 19:50:04] [INFO] GET /api/employees
[2026-06-07 19:50:13] [INFO] GET /api/employees
[2026-06-07 19:51:04] [INFO] GET /api/employees
[2026-06-07 19:51:04] [INFO] GET /api/employees
[2026-06-07 19:51:41] [INFO] GET /api/employees
[2026-06-07 19:51:41] [INFO] GET /api/employees
[2026-06-07 19:51:54] [INFO] GET /api/employees
[2026-06-07 19:51:55] [INFO] GET /api/employees
[2026-06-07 19:52:09] [INFO] GET /api/employees
[2026-06-07 19:52:09] [INFO] GET /api/employees
[2026-06-07 19:52:19] [INFO] GET /api/employees
[2026-06-07 19:52:19] [INFO] GET /api/employees
[2026-06-07 19:52:25] [INFO] GET /api/employees
[2026-06-07 19:52:33] [INFO] GET /api/employees
[2026-06-07 19:53:03] [INFO] GET /api/employees
[2026-06-07 19:53:08] [INFO] GET /api/employees
[2026-06-07 19:53:10] [INFO] GET /api/employees
[2026-06-07 19:53:16] [INFO] GET /api/employees
[2026-06-07 19:53:33] [INFO] GET /api/employees
[2026-06-07 19:53:38] [INFO] GET /api/employees
[2026-06-07 19:53:38] [INFO] GET /api/employees
[2026-06-07 19:53:43] [INFO] GET /api/employees
[2026-06-07 19:53:53] [INFO] GET /api/employees
[2026-06-07 19:54:01] [INFO] GET /api/employees
[2026-06-07 19:54:09] [INFO] GET /api/employees
[2026-06-07 19:54:20] [INFO] GET /api/employees
[2026-06-07 19:54:35] [INFO] GET /api/employees
[2026-06-07 19:54:35] [INFO] GET /api/employees
[2026-06-07 19:54:41] [INFO] GET /api/employees
[2026-06-07 19:54:51] [INFO] GET /api/employees
[2026-06-07 19:54:56] [INFO] GET /api/employees
[2026-06-07 19:55:03] [INFO] GET /api/employees
[2026-06-07 19:55:08] [INFO] GET /api/employees
[2026-06-07 19:55:14] [INFO] GET /api/employees
[2026-06-07 19:55:27] [INFO] GET /api/employees
[2026-06-07 19:55:45] [INFO] GET /api/employees
[2026-06-07 19:55:52] [INFO] GET /api/employees
[2026-06-07 19:56:10] [INFO] GET /api/employees
[2026-06-07 19:56:15] [INFO] GET /api/employees
[2026-06-07 19:56:22] [INFO] GET /api/employees
[2026-06-07 19:56:34] [INFO] GET /api/teams
[2026-06-07 19:56:36] [INFO] GET /api/logs
[2026-06-07 19:56:37] [INFO] GET /api/teams
[2026-06-07 19:57:04] [INFO] GET /api/teams
[2026-06-07 19:57:12] [INFO] GET /api/teams
[2026-06-07 19:57:14] [INFO] GET /api/teams
[2026-06-07 19:57:19] [INFO] GET /api/teams
[2026-06-07 19:57:22] [INFO] GET /api/teams
[2026-06-07 19:57:27] [INFO] GET /api/teams
[2026-06-07 19:57:35] [INFO] GET /api/teams
[2026-06-07 19:57:39] [INFO] GET /api/teams
[2026-06-07 19:57:53] [INFO] GET /api/teams
[2026-06-07 19:57:54] [INFO] GET /api/teams
[2026-06-07 19:57:59] [INFO] GET /api/teams
[2026-06-07 19:58:03] [INFO] GET /api/teams
[2026-06-07 19:58:05] [INFO] GET /api/teams
[2026-06-07 19:58:08] [INFO] GET /api/teams
[2026-06-07 19:58:12] [INFO] GET /api/teams
[2026-06-07 19:58:33] [INFO] GET /api/teams
[2026-06-07 19:58:38] [INFO] GET /api/teams
[2026-06-07 19:58:45] [INFO] GET /api/teams
[2026-06-07 19:59:07] [INFO] GET /api/teams
[2026-06-07 19:59:07] [INFO] GET /api/teams
[2026-06-07 19:59:14] [INFO] GET /api/teams
[2026-06-07 19:59:18] [INFO] GET /api/teams
[2026-06-07 19:59:52] [INFO] GET /api/teams
[2026-06-07 19:59:53] [INFO] GET /api/teams
[2026-06-07 20:01:02] [INFO] GET /api/teams
[2026-06-07 20:01:09] [INFO] GET /api/teams
[2026-06-07 20:01:37] [INFO] GET /api/teams
[2026-06-07 20:01:40] [INFO] GET /api/teams
[2026-06-07 20:02:35] [INFO] GET /api/teams
[2026-06-07 20:02:37] [INFO] GET /api/teams
[2026-06-07 20:03:02] [INFO] GET /api/teams
[2026-06-07 20:03:29] [INFO] GET /api/teams
[2026-06-07 20:03:37] [INFO] GET /api/teams
[2026-06-07 20:03:49] [INFO] GET /api/teams
[2026-06-07 20:03:52] [INFO] GET /api/teams
[2026-06-07 20:03:54] [INFO] GET /api/teams
[2026-06-07 20:03:59] [INFO] GET /api/teams
[2026-06-07 20:04:11] [INFO] GET /api/teams
[2026-06-07 20:04:15] [INFO] GET /api/teams
[2026-06-07 20:04:15] [INFO] GET /api/teams
[2026-06-07 20:04:20] [INFO] GET /api/teams
[2026-06-07 20:04:25] [INFO] GET /api/employees
[2026-06-07 20:04:25] [INFO] GET /api/teams/8cf02cc8-c456-44f4-975d-d85963362383
[2026-06-07 20:04:27] [INFO] GET /api/teams
[2026-06-07 20:04:33] [INFO] GET /api/teams
[2026-06-07 20:04:37] [INFO] GET /api/teams
[2026-06-07 20:05:02] [INFO] GET /api/teams
[2026-06-07 20:05:34] [INFO] GET /api/teams
[2026-06-07 20:05:37] [INFO] GET /api/teams
[2026-06-07 20:06:03] [INFO] GET /api/teams
[2026-06-07 20:09:19] [INFO] GET /api/teams
[2026-06-07 20:09:59] [INFO] GET /api/teams
[2026-06-07 20:09:59] [INFO] GET /api/teams
[2026-06-07 20:10:11] [INFO] GET /api/teams
[2026-06-07 20:10:18] [INFO] GET /api/teams
[2026-06-07 20:10:18] [INFO] GET /api/teams
[2026-06-07 20:10:28] [INFO] GET /api/teams
[2026-06-07 20:10:44] [INFO] GET /api/teams
[2026-06-07 20:11:05] [INFO] GET /api/teams
[2026-06-07 20:11:05] [INFO] GET /api/teams
[2026-06-07 20:11:21] [INFO] GET /api/teams
[2026-06-07 20:11:21] [INFO] GET /api/teams
[2026-06-07 20:11:30] [INFO] GET /api/teams
[2026-06-07 20:12:10] [INFO] GET /api/teams
[2026-06-07 20:12:36] [INFO] GET /api/teams
[2026-06-07 20:13:23] [INFO] GET /api/teams
[2026-06-07 20:14:05] [INFO] GET /api/teams
[2026-06-07 20:14:07] [INFO] GET /api/teams
[2026-06-07 20:15:11] [INFO] GET /api/teams
[2026-06-07 20:15:12] [INFO] GET /api/teams
[2026-06-07 20:16:38] [INFO] GET /api/teams
[2026-06-07 20:17:06] [INFO] GET /api/teams
[2026-06-07 20:17:49] [INFO] GET /api/teams/8cf02cc8-c456-44f4-975d-d85963362383
[2026-06-07 20:17:49] [INFO] GET /api/employees
[2026-06-07 20:17:56] [INFO] GET /api/logs
[2026-06-07 20:17:59] [INFO] GET /api/teams
[2026-06-07 20:20:02] [INFO] GET /api/teams
[2026-06-07 20:20:30] [INFO] GET /api/teams
[2026-06-07 20:21:08] [INFO] GET /api/teams
[2026-06-07 20:21:09] [INFO] GET /api/teams
[2026-06-07 20:21:25] [INFO] GET /api/teams
[2026-06-07 20:21:30] [INFO] GET /api/teams
[2026-06-07 20:21:32] [INFO] GET /api/teams
[2026-06-07 20:21:42] [INFO] GET /api/teams
[2026-06-07 20:21:42] [INFO] GET /api/teams
[2026-06-07 20:21:51] [INFO] GET /api/teams
[2026-06-07 20:21:51] [INFO] GET /api/teams
[2026-06-07 20:22:03] [INFO] GET /api/teams
[2026-06-07 20:22:16] [INFO] GET /api/teams
[2026-06-07 20:22:51] [INFO] GET /api/teams
[2026-06-07 20:22:51] [INFO] GET /api/teams
[2026-06-07 20:23:04] [INFO] GET /api/teams
[2026-06-07 20:23:50] [INFO] GET /api/teams
[2026-06-07 20:23:54] [INFO] GET /api/teams
[2026-06-07 20:23:57] [INFO] GET /api/teams
[2026-06-07 20:24:17] [INFO] GET /api/teams
[2026-06-07 20:24:18] [INFO] GET /api/teams
[2026-06-07 20:24:24] [INFO] GET /api/teams
[2026-06-07 20:24:26] [INFO] GET /api/teams
[2026-06-07 20:24:48] [INFO] GET /api/teams
[2026-06-07 20:24:48] [INFO] GET /api/teams
[2026-06-07 20:25:19] [INFO] GET /api/teams
[2026-06-07 20:25:24] [INFO] GET /api/teams
[2026-06-07 20:26:48] [INFO] GET /api/teams
[2026-06-07 20:27:20] [INFO] GET /api/teams
[2026-06-07 20:27:29] [INFO] GET /api/teams
[2026-06-07 20:28:31] [INFO] GET /api/teams
[2026-06-07 20:28:32] [INFO] GET /api/teams
[2026-06-07 20:28:37] [INFO] GET /api/teams/8cf02cc8-c456-44f4-975d-d85963362383
[2026-06-07 20:28:37] [INFO] GET /api/employees
[2026-06-07 20:28:40] [INFO] GET /api/teams
[2026-06-07 20:28:54] [INFO] GET /api/teams/8cf02cc8-c456-44f4-975d-d85963362383
[2026-06-07 20:28:54] [INFO] GET /api/employees
[2026-06-07 20:29:13] [INFO] GET /api/teams/8cf02cc8-c456-44f4-975d-d85963362383
[2026-06-07 20:29:13] [INFO] GET /api/employees
[2026-06-07 20:30:11] [INFO] GET /api/teams/8cf02cc8-c456-44f4-975d-d85963362383
[2026-06-07 20:30:11] [INFO] GET /api/employees
[2026-06-07 20:30:12] [INFO] GET /api/teams/8cf02cc8-c456-44f4-975d-d85963362383
[2026-06-07 20:30:12] [INFO] GET /api/employees
[2026-06-07 20:30:26] [INFO] GET /api/teams/8cf02cc8-c456-44f4-975d-d85963362383
[2026-06-07 20:30:26] [INFO] GET /api/employees
[2026-06-07 20:30:26] [INFO] GET /api/teams/8cf02cc8-c456-44f4-975d-d85963362383
[2026-06-07 20:30:26] [INFO] GET /api/employees
[2026-06-07 20:30:36] [INFO] GET /api/teams/8cf02cc8-c456-44f4-975d-d85963362383
[2026-06-07 20:30:36] [INFO] GET /api/employees
[2026-06-07 20:30:37] [INFO] GET /api/teams/8cf02cc8-c456-44f4-975d-d85963362383
[2026-06-07 20:30:37] [INFO] GET /api/employees
[2026-06-07 20:30:43] [INFO] GET /api/teams/8cf02cc8-c456-44f4-975d-d85963362383
[2026-06-07 20:30:43] [INFO] GET /api/employees
[2026-06-07 20:30:53] [INFO] GET /api/employees
[2026-06-07 20:30:53] [INFO] GET /api/teams/8cf02cc8-c456-44f4-975d-d85963362383
[2026-06-07 20:31:06] [INFO] GET /api/teams/8cf02cc8-c456-44f4-975d-d85963362383
[2026-06-07 20:31:06] [INFO] GET /api/employees
[2026-06-07 20:31:13] [INFO] GET /api/teams/8cf02cc8-c456-44f4-975d-d85963362383
[2026-06-07 20:31:13] [INFO] GET /api/employees
[2026-06-07 20:31:17] [INFO] GET /api/teams/8cf02cc8-c456-44f4-975d-d85963362383
[2026-06-07 20:31:17] [INFO] GET /api/employees
[2026-06-07 20:31:23] [INFO] GET /api/teams/8cf02cc8-c456-44f4-975d-d85963362383
[2026-06-07 20:31:23] [INFO] GET /api/employees
[2026-06-07 20:31:28] [INFO] GET /api/teams/8cf02cc8-c456-44f4-975d-d85963362383
[2026-06-07 20:31:28] [INFO] GET /api/employees
[2026-06-07 20:31:48] [INFO] GET /api/teams/8cf02cc8-c456-44f4-975d-d85963362383
[2026-06-07 20:31:48] [INFO] GET /api/employees
[2026-06-07 20:31:50] [INFO] GET /api/teams/8cf02cc8-c456-44f4-975d-d85963362383
[2026-06-07 20:31:50] [INFO] GET /api/employees
[2026-06-07 20:32:05] [INFO] GET /api/teams/8cf02cc8-c456-44f4-975d-d85963362383
[2026-06-07 20:32:05] [INFO] GET /api/employees
[2026-06-07 20:32:05] [INFO] GET /api/teams/8cf02cc8-c456-44f4-975d-d85963362383
[2026-06-07 20:32:05] [INFO] GET /api/employees
[2026-06-07 20:32:21] [INFO] GET /api/teams/8cf02cc8-c456-44f4-975d-d85963362383
[2026-06-07 20:32:21] [INFO] GET /api/employees
[2026-06-07 20:32:21] [INFO] GET /api/teams/8cf02cc8-c456-44f4-975d-d85963362383
[2026-06-07 20:32:21] [INFO] GET /api/employees
[2026-06-07 20:32:26] [INFO] GET /api/teams/8cf02cc8-c456-44f4-975d-d85963362383
[2026-06-07 20:32:26] [INFO] GET /api/employees
[2026-06-07 20:32:28] [INFO] GET /api/teams/8cf02cc8-c456-44f4-975d-d85963362383
[2026-06-07 20:32:29] [INFO] GET /api/employees
[2026-06-07 20:32:38] [INFO] GET /api/teams/8cf02cc8-c456-44f4-975d-d85963362383
[2026-06-07 20:32:38] [INFO] GET /api/employees
[2026-06-07 20:33:05] [INFO] GET /api/teams/8cf02cc8-c456-44f4-975d-d85963362383
[2026-06-07 20:33:05] [INFO] GET /api/employees
[2026-06-07 20:33:05] [INFO] GET /api/teams/8cf02cc8-c456-44f4-975d-d85963362383
[2026-06-07 20:33:05] [INFO] GET /api/employees
[2026-06-07 20:33:13] [INFO] GET /api/teams/8cf02cc8-c456-44f4-975d-d85963362383
[2026-06-07 20:33:13] [INFO] GET /api/employees
[2026-06-07 20:33:36] [INFO] GET /api/teams/8cf02cc8-c456-44f4-975d-d85963362383
[2026-06-07 20:33:36] [INFO] GET /api/employees
[2026-06-07 20:33:40] [INFO] GET /api/teams/8cf02cc8-c456-44f4-975d-d85963362383
[2026-06-07 20:33:40] [INFO] GET /api/employees
[2026-06-07 20:33:42] [INFO] GET /api/teams/8cf02cc8-c456-44f4-975d-d85963362383
[2026-06-07 20:33:42] [INFO] GET /api/employees
[2026-06-07 20:33:51] [INFO] GET /api/teams/8cf02cc8-c456-44f4-975d-d85963362383
[2026-06-07 20:33:51] [INFO] GET /api/employees
[2026-06-07 20:33:51] [INFO] GET /api/teams/8cf02cc8-c456-44f4-975d-d85963362383
[2026-06-07 20:33:51] [INFO] GET /api/employees
[2026-06-07 20:34:10] [INFO] GET /api/teams/8cf02cc8-c456-44f4-975d-d85963362383
[2026-06-07 20:34:10] [INFO] GET /api/employees
[2026-06-07 20:34:30] [INFO] GET /api/teams/8cf02cc8-c456-44f4-975d-d85963362383
[2026-06-07 20:34:30] [INFO] GET /api/employees
[2026-06-07 20:34:30] [INFO] GET /api/teams/8cf02cc8-c456-44f4-975d-d85963362383
[2026-06-07 20:34:30] [INFO] GET /api/employees
[2026-06-07 20:34:43] [INFO] GET /api/teams/8cf02cc8-c456-44f4-975d-d85963362383
[2026-06-07 20:34:43] [INFO] GET /api/employees
[2026-06-07 20:34:46] [INFO] GET /api/teams/8cf02cc8-c456-44f4-975d-d85963362383
[2026-06-07 20:34:46] [INFO] GET /api/employees
[2026-06-07 20:34:55] [INFO] GET /api/teams/8cf02cc8-c456-44f4-975d-d85963362383
[2026-06-07 20:34:55] [INFO] GET /api/employees
[2026-06-07 20:35:11] [INFO] GET /api/teams/8cf02cc8-c456-44f4-975d-d85963362383
[2026-06-07 20:35:11] [INFO] GET /api/employees
[2026-06-07 20:35:12] [INFO] GET /api/teams/8cf02cc8-c456-44f4-975d-d85963362383
[2026-06-07 20:35:12] [INFO] GET /api/employees
[2026-06-07 20:35:18] [INFO] GET /api/teams/8cf02cc8-c456-44f4-975d-d85963362383
[2026-06-07 20:35:18] [INFO] GET /api/employees
[2026-06-07 20:35:19] [INFO] GET /api/teams/8cf02cc8-c456-44f4-975d-d85963362383
[2026-06-07 20:35:19] [INFO] GET /api/employees
[2026-06-07 20:35:22] [INFO] GET /api/teams/8cf02cc8-c456-44f4-975d-d85963362383
[2026-06-07 20:35:22] [INFO] GET /api/employees
[2026-06-07 20:35:26] [INFO] GET /api/teams/8cf02cc8-c456-44f4-975d-d85963362383
[2026-06-07 20:35:26] [INFO] GET /api/employees
[2026-06-07 20:35:31] [INFO] GET /api/teams/8cf02cc8-c456-44f4-975d-d85963362383
[2026-06-07 20:35:31] [INFO] GET /api/employees
[2026-06-07 20:35:32] [INFO] GET /api/teams/8cf02cc8-c456-44f4-975d-d85963362383
[2026-06-07 20:35:32] [INFO] GET /api/employees
[2026-06-07 20:35:58] [INFO] GET /api/teams/8cf02cc8-c456-44f4-975d-d85963362383
[2026-06-07 20:35:58] [INFO] GET /api/employees
[2026-06-07 20:35:58] [INFO] GET /api/teams/8cf02cc8-c456-44f4-975d-d85963362383
[2026-06-07 20:35:58] [INFO] GET /api/employees
[2026-06-07 20:36:23] [INFO] POST /api/teams/8cf02cc8-c456-44f4-975d-d85963362383/assign
[2026-06-07 20:36:23] [INFO] User 'evallo123@gmail.com' assigned employee 470f76c5-2971-4d19-a965-63f2f7669303 to team 8cf02cc8-c456-44f4-975d-d85963362383.
[2026-06-07 20:36:23] [INFO] GET /api/teams/8cf02cc8-c456-44f4-975d-d85963362383
[2026-06-07 20:36:23] [INFO] GET /api/employees
[2026-06-07 20:36:23] [INFO] GET /api/teams/8cf02cc8-c456-44f4-975d-d85963362383
[2026-06-07 20:36:23] [INFO] GET /api/employees
[2026-06-07 20:36:40] [INFO] GET /api/teams/8cf02cc8-c456-44f4-975d-d85963362383
[2026-06-07 20:36:40] [INFO] GET /api/employees
[2026-06-07 20:36:40] [INFO] GET /api/teams/8cf02cc8-c456-44f4-975d-d85963362383
[2026-06-07 20:36:41] [INFO] GET /api/employees
[2026-06-07 20:36:50] [INFO] GET /api/teams/8cf02cc8-c456-44f4-975d-d85963362383
[2026-06-07 20:36:50] [INFO] GET /api/employees
[2026-06-07 20:36:50] [INFO] GET /api/teams/8cf02cc8-c456-44f4-975d-d85963362383
[2026-06-07 20:36:50] [INFO] GET /api/employees
[2026-06-07 20:37:00] [INFO] DELETE /api/teams/8cf02cc8-c456-44f4-975d-d85963362383/assign/470f76c5-2971-4d19-a965-63f2f7669303
[2026-06-07 20:37:00] [INFO] User 'evallo123@gmail.com' removed employee 470f76c5-2971-4d19-a965-63f2f7669303 from team 8cf02cc8-c456-44f4-975d-d85963362383.
[2026-06-07 20:37:00] [INFO] GET /api/teams/8cf02cc8-c456-44f4-975d-d85963362383
[2026-06-07 20:37:00] [INFO] GET /api/employees
[2026-06-07 20:37:00] [INFO] GET /api/teams/8cf02cc8-c456-44f4-975d-d85963362383
[2026-06-07 20:37:00] [INFO] GET /api/employees
[2026-06-07 20:37:08] [INFO] GET /api/teams
[2026-06-07 20:37:10] [INFO] GET /api/teams/8cf02cc8-c456-44f4-975d-d85963362383
[2026-06-07 20:37:11] [INFO] GET /api/employees
[2026-06-07 20:37:12] [INFO] GET /api/teams
[2026-06-07 20:37:18] [INFO] GET /api/logs
[2026-06-07 20:37:20] [INFO] GET /api/teams
[2026-06-07 20:37:23] [INFO] GET /api/logs
[2026-06-07 20:37:45] [INFO] GET /api/logs
[2026-06-07 20:37:56] [INFO] GET /api/logs
[2026-06-07 20:37:56] [INFO] GET /api/logs
[2026-06-07 20:38:02] [INFO] GET /api/logs
[2026-06-07 20:38:15] [INFO] GET /api/logs
[2026-06-07 20:38:19] [INFO] GET /api/logs
[2026-06-07 20:38:19] [INFO] GET /api/logs
[2026-06-07 20:38:27] [INFO] GET /api/logs
[2026-06-07 20:38:27] [INFO] GET /api/logs
[2026-06-07 20:38:48] [INFO] GET /api/logs
[2026-06-07 20:38:49] [INFO] GET /api/logs
[2026-06-07 20:38:59] [INFO] GET /api/logs
[2026-06-07 20:39:18] [INFO] GET /api/logs
[2026-06-07 20:39:46] [INFO] GET /api/logs
[2026-06-07 20:39:57] [INFO] GET /api/logs
[2026-06-07 20:40:04] [INFO] GET /api/employees
[2026-06-07 20:40:07] [INFO] GET /api/logs
[2026-06-07 20:40:17] [INFO] GET /api/logs
[2026-06-07 20:40:27] [INFO] GET /api/logs
[2026-06-07 20:40:56] [INFO] GET /api/logs
[2026-06-07 20:41:06] [INFO] GET /api/logs
[2026-06-07 20:41:23] [INFO] GET /api/logs
[2026-06-07 20:41:23] [INFO] GET /api/logs
[2026-06-07 20:41:26] [INFO] GET /api/logs
[2026-06-07 20:41:36] [INFO] GET /api/logs
[2026-06-07 20:41:46] [INFO] GET /api/logs
[2026-06-07 20:41:56] [INFO] GET /api/logs
[2026-06-07 20:42:17] [INFO] GET /api/logs
[2026-06-07 20:42:18] [INFO] GET /api/logs
[2026-06-07 20:42:32] [INFO] GET /api/logs
[2026-06-07 20:42:32] [INFO] GET /api/logs
[2026-06-07 20:42:53] [INFO] GET /api/logs
[2026-06-07 20:43:00] [INFO] GET /api/employees
[2026-06-07 20:43:14] [INFO] GET /api/teams
[2026-06-07 20:43:22] [INFO] GET /api/logs
[2026-06-07 20:43:29] [INFO] GET /api/teams
[2026-06-07 20:43:30] [INFO] GET /api/teams/8cf02cc8-c456-44f4-975d-d85963362383
[2026-06-07 20:43:30] [INFO] GET /api/employees
[2026-06-07 20:43:36] [INFO] DELETE /api/teams/8cf02cc8-c456-44f4-975d-d85963362383/assign/798c383d-130a-4d05-aa7b-ce432504b52a
[2026-06-07 20:43:36] [INFO] User 'evallo123@gmail.com' removed employee 798c383d-130a-4d05-aa7b-ce432504b52a from team 8cf02cc8-c456-44f4-975d-d85963362383.
[2026-06-07 20:43:36] [INFO] GET /api/employees
[2026-06-07 20:43:36] [INFO] GET /api/teams/8cf02cc8-c456-44f4-975d-d85963362383
[2026-06-07 20:43:36] [INFO] GET /api/employees
[2026-06-07 20:43:36] [INFO] GET /api/teams/8cf02cc8-c456-44f4-975d-d85963362383
[2026-06-07 20:44:05] [INFO] GET /api/employees
[2026-06-07 20:44:05] [INFO] GET /api/teams/8cf02cc8-c456-44f4-975d-d85963362383
[2026-06-07 20:44:08] [INFO] POST /api/teams/8cf02cc8-c456-44f4-975d-d85963362383/assign
[2026-06-07 20:44:09] [INFO] User 'evallo123@gmail.com' assigned employee 798c383d-130a-4d05-aa7b-ce432504b52a to team 8cf02cc8-c456-44f4-975d-d85963362383.
[2026-06-07 20:44:09] [INFO] GET /api/employees
[2026-06-07 20:44:09] [INFO] GET /api/teams/8cf02cc8-c456-44f4-975d-d85963362383
[2026-06-07 20:44:09] [INFO] GET /api/employees
[2026-06-07 20:44:09] [INFO] GET /api/teams/8cf02cc8-c456-44f4-975d-d85963362383
[2026-06-07 20:44:36] [INFO] GET /api/employees
[2026-06-07 20:44:36] [INFO] GET /api/teams/8cf02cc8-c456-44f4-975d-d85963362383
[2026-06-07 20:44:42] [INFO] GET /api/employees
[2026-06-07 20:44:42] [INFO] GET /api/teams/8cf02cc8-c456-44f4-975d-d85963362383
[2026-06-07 20:44:45] [INFO] DELETE /api/teams/8cf02cc8-c456-44f4-975d-d85963362383/assign/798c383d-130a-4d05-aa7b-ce432504b52a
[2026-06-07 20:44:45] [INFO] User 'evallo123@gmail.com' removed employee 798c383d-130a-4d05-aa7b-ce432504b52a from team 8cf02cc8-c456-44f4-975d-d85963362383.
[2026-06-07 20:44:45] [INFO] GET /api/employees
[2026-06-07 20:44:45] [INFO] GET /api/teams/8cf02cc8-c456-44f4-975d-d85963362383
[2026-06-07 20:44:45] [INFO] GET /api/employees
[2026-06-07 20:44:45] [INFO] GET /api/teams/8cf02cc8-c456-44f4-975d-d85963362383
[2026-06-07 20:45:03] [INFO] GET /api/teams/8cf02cc8-c456-44f4-975d-d85963362383
[2026-06-07 20:45:03] [INFO] GET /api/employees
[2026-06-07 20:45:03] [INFO] GET /api/employees
[2026-06-07 20:45:03] [INFO] GET /api/teams/8cf02cc8-c456-44f4-975d-d85963362383
[2026-06-07 20:45:14] [INFO] GET /api/employees
[2026-06-07 20:45:14] [INFO] GET /api/teams/8cf02cc8-c456-44f4-975d-d85963362383
[2026-06-07 20:45:19] [INFO] GET /api/employees
[2026-06-07 20:45:22] [INFO] GET /api/teams
[2026-06-07 20:45:24] [INFO] GET /api/logs
[2026-06-07 20:45:25] [INFO] GET /api/teams
[2026-06-07 20:45:37] [INFO] GET /api/teams/8cf02cc8-c456-44f4-975d-d85963362383
[2026-06-07 20:45:37] [INFO] GET /api/employees
[2026-06-07 20:45:41] [INFO] GET /api/teams
[2026-06-07 20:45:45] [INFO] DELETE /api/teams/8cf02cc8-c456-44f4-975d-d85963362383
[2026-06-07 20:45:45] [INFO] User 'evallo123@gmail.com' deleted team 8cf02cc8-c456-44f4-975d-d85963362383.
[2026-06-07 20:45:45] [INFO] GET /api/teams
[2026-06-07 20:45:58] [INFO] GET /api/teams
[2026-06-07 20:46:20] [INFO] GET /api/teams
[2026-06-07 20:46:40] [INFO] GET /api/teams
[2026-06-07 20:47:23] [INFO] GET /api/teams
[2026-06-07 20:47:40] [INFO] GET /api/teams
[2026-06-07 20:47:51] [INFO] GET /api/teams
[2026-06-07 20:49:07] [INFO] GET /api/teams
[2026-06-07 20:50:41] [INFO] GET /api/teams
[2026-06-07 20:52:36] [INFO] GET /api/teams
[2026-06-07 20:52:49] [INFO] GET /api/teams
[2026-06-07 20:52:58] [INFO] GET /api/teams
[2026-06-07 20:53:07] [INFO] GET /api/teams
[2026-06-07 20:54:29] [INFO] GET /api/teams
[2026-06-07 20:54:37] [INFO] GET /api/teams
[2026-06-07 20:54:52] [INFO] GET /api/teams
[2026-06-07 20:55:37] [INFO] GET /api/teams
[2026-06-07 20:55:41] [INFO] GET /api/teams
[2026-06-07 20:55:57] [INFO] GET /api/teams
[2026-06-07 20:55:59] [INFO] GET /api/teams
[2026-06-07 20:56:01] [INFO] GET /api/teams
[2026-06-07 20:56:12] [INFO] GET /api/teams
[2026-06-07 20:56:20] [INFO] GET /api/teams
[2026-06-07 20:56:26] [INFO] GET /api/employees
[2026-06-07 20:56:27] [INFO] GET /api/teams
[2026-06-07 20:56:27] [INFO] GET /api/logs
[2026-06-07 20:56:33] [INFO] GET /api/employees
[2026-06-07 20:56:35] [INFO] POST /api/auth/logout
[2026-06-07 20:56:35] [INFO] User 'evallo123@gmail.com' logged out.
[2026-06-07 22:29:32] [INFO] Server running on port 5000
[2026-06-07 22:30:01] [INFO] POST /api/auth/login
[2026-06-07 22:30:03] [INFO] User 'evallo123@gmail.com' logged in.
[2026-06-07 22:30:03] [INFO] GET /api/employees
[2026-06-07 22:30:06] [INFO] GET /api/teams
[2026-06-07 22:30:07] [INFO] GET /api/logs
[2026-06-07 22:30:08] [INFO] GET /api/teams
[2026-06-07 22:30:09] [INFO] GET /api/employees
[2026-06-07 22:30:19] [INFO] DELETE /api/employees/798c383d-130a-4d05-aa7b-ce432504b52a
[2026-06-07 22:30:19] [INFO] User 'evallo123@gmail.com' deleted employee 798c383d-130a-4d05-aa7b-ce432504b52a.
[2026-06-07 22:30:19] [INFO] GET /api/employees
[2026-06-07 22:30:22] [INFO] DELETE /api/employees/470f76c5-2971-4d19-a965-63f2f7669303
[2026-06-07 22:30:22] [INFO] User 'evallo123@gmail.com' deleted employee 470f76c5-2971-4d19-a965-63f2f7669303.
[2026-06-07 22:30:22] [INFO] GET /api/employees
[2026-06-07 22:30:36] [INFO] GET /api/employees
[2026-06-07 22:31:13] [INFO] GET /api/employees
[2026-06-07 22:31:16] [INFO] GET /api/employees
[2026-06-07 22:31:26] [INFO] GET /api/employees
[2026-06-07 22:31:36] [INFO] GET /api/employees
[2026-06-07 22:31:37] [INFO] GET /api/teams
[2026-06-07 22:31:55] [INFO] GET /api/teams
[2026-06-07 22:31:59] [INFO] GET /api/teams
[2026-06-07 22:32:37] [INFO] GET /api/teams
[2026-06-07 22:32:39] [INFO] GET /api/employees
[2026-06-07 22:32:57] [INFO] GET /api/employees
[2026-06-07 22:33:10] [INFO] GET /api/employees
[2026-06-07 22:33:22] [INFO] GET /api/employees
[2026-06-07 22:33:27] [INFO] GET /api/employees
[2026-06-07 22:33:31] [INFO] GET /api/employees
[2026-06-07 22:33:44] [INFO] GET /api/employees
[2026-06-07 22:33:50] [INFO] GET /api/employees
[2026-06-07 22:33:58] [INFO] GET /api/employees
[2026-06-07 22:34:16] [INFO] GET /api/employees
[2026-06-07 22:34:19] [INFO] GET /api/teams
[2026-06-07 22:34:20] [INFO] GET /api/employees
[2026-06-07 22:34:24] [INFO] GET /api/employees
[2026-06-07 22:34:25] [INFO] GET /api/teams
[2026-06-07 22:34:26] [INFO] GET /api/employees
[2026-06-07 22:34:29] [INFO] GET /api/employees
[2026-06-07 22:34:32] [INFO] GET /api/employees
[2026-06-07 22:35:00] [INFO] GET /api/employees
[2026-06-07 22:37:16] [INFO] GET /api/employees
[2026-06-07 22:39:31] [INFO] GET /api/employees
[2026-06-07 22:39:36] [INFO] GET /api/employees
[2026-06-07 22:40:52] [INFO] GET /api/employees
[2026-06-07 22:41:15] [INFO] GET /api/employees
[2026-06-07 22:42:06] [INFO] GET /api/employees
[2026-06-07 22:42:56] [INFO] GET /api/employees
[2026-06-07 22:42:56] [INFO] GET /api/employees
[2026-06-07 22:43:02] [INFO] GET /api/employees
[2026-06-07 22:43:23] [INFO] GET /api/employees
[2026-06-07 22:43:29] [INFO] GET /api/employees
[2026-06-07 22:43:55] [INFO] GET /api/employees
[2026-06-07 22:43:59] [INFO] GET /api/employees
[2026-06-07 22:44:09] [INFO] GET /api/teams
[2026-06-07 22:44:10] [INFO] GET /api/employees
[2026-06-07 22:44:11] [INFO] GET /api/logs
[2026-06-07 22:44:12] [INFO] GET /api/teams
[2026-06-07 22:44:12] [INFO] GET /api/employees
[2026-06-07 22:44:19] [INFO] GET /api/teams
[2026-06-07 22:44:22] [INFO] GET /api/employees
[2026-06-07 22:45:00] [INFO] GET /api/employees
[2026-06-07 22:45:12] [INFO] GET /api/employees
[2026-06-07 22:45:15] [INFO] GET /api/employees
[2026-06-07 22:45:27] [INFO] GET /api/employees
[2026-06-07 22:45:28] [INFO] GET /api/teams
[2026-06-07 22:45:29] [INFO] GET /api/logs
[2026-06-07 22:45:30] [INFO] GET /api/teams
[2026-06-07 22:45:39] [INFO] POST /api/teams
[2026-06-07 22:45:39] [INFO] User 'evallo123@gmail.com' created a new team with ID d187cb9c-1352-41b0-b871-363c80452af8.
[2026-06-07 22:45:39] [INFO] GET /api/teams
[2026-06-07 22:45:44] [INFO] GET /api/teams/d187cb9c-1352-41b0-b871-363c80452af8
[2026-06-07 22:45:44] [INFO] GET /api/employees
[2026-06-07 22:45:47] [INFO] GET /api/employees
[2026-06-07 22:45:48] [INFO] GET /api/teams
[2026-06-07 22:45:57] [INFO] GET /api/logs
[2026-06-07 22:45:58] [INFO] GET /api/teams
[2026-06-07 22:46:05] [INFO] DELETE /api/teams/d187cb9c-1352-41b0-b871-363c80452af8
[2026-06-07 22:46:05] [INFO] User 'evallo123@gmail.com' deleted team d187cb9c-1352-41b0-b871-363c80452af8.
[2026-06-07 22:46:05] [INFO] GET /api/teams
[2026-06-07 22:46:10] [INFO] GET /api/teams
[2026-06-07 22:46:27] [INFO] GET /api/teams
[2026-06-07 22:46:40] [INFO] GET /api/teams
[2026-06-07 22:46:43] [INFO] GET /api/logs
[2026-06-07 22:46:47] [INFO] GET /api/teams
[2026-06-07 22:47:44] [INFO] GET /api/employees
[2026-06-07 22:48:28] [INFO] GET /api/employees
[2026-06-07 22:48:47] [INFO] GET /api/employees
[2026-06-07 22:48:56] [INFO] GET /api/teams
[2026-06-07 22:48:56] [INFO] GET /api/logs
[2026-06-07 22:48:58] [INFO] GET /api/employees
[2026-06-07 22:48:59] [INFO] GET /api/logs
[2026-06-07 22:49:09] [INFO] GET /api/logs
[2026-06-07 22:49:14] [INFO] GET /api/employees
[2026-06-07 22:49:22] [INFO] GET /api/teams
[2026-06-07 22:49:28] [INFO] GET /api/logs
[2026-06-07 22:49:28] [INFO] GET /api/teams
[2026-06-07 22:49:36] [INFO] POST /api/teams
[2026-06-07 22:49:36] [INFO] User 'evallo123@gmail.com' created a new team with ID dd59107d-686e-40f8-b63d-7db67eb82fb0.
[2026-06-07 22:49:36] [INFO] GET /api/teams
[2026-06-07 22:49:41] [INFO] GET /api/teams/dd59107d-686e-40f8-b63d-7db67eb82fb0
[2026-06-07 22:49:41] [INFO] GET /api/employees
[2026-06-07 22:49:47] [INFO] GET /api/teams
[2026-06-07 22:49:50] [INFO] GET /api/employees
[2026-06-07 22:49:52] [INFO] GET /api/teams
[2026-06-07 22:50:30] [INFO] GET /api/teams
[2026-06-07 22:50:33] [INFO] GET /api/teams
[2026-06-07 22:50:55] [INFO] GET /api/teams
[2026-06-07 22:50:59] [INFO] GET /api/teams
[2026-06-07 22:51:03] [INFO] GET /api/teams
[2026-06-07 22:51:04] [INFO] GET /api/teams
[2026-06-07 22:52:31] [INFO] GET /api/teams
[2026-06-07 22:52:48] [INFO] GET /api/teams
[2026-06-07 22:53:00] [INFO] GET /api/teams
[2026-06-07 22:53:06] [INFO] GET /api/teams
[2026-06-07 22:53:12] [INFO] GET /api/teams
[2026-06-07 22:53:16] [INFO] GET /api/teams/dd59107d-686e-40f8-b63d-7db67eb82fb0
[2026-06-07 22:53:16] [INFO] GET /api/employees
[2026-06-07 22:53:18] [INFO] GET /api/employees
[2026-06-07 22:53:19] [INFO] GET /api/teams
[2026-06-07 22:53:20] [INFO] GET /api/logs
[2026-06-07 22:53:30] [INFO] GET /api/logs
[2026-06-07 22:54:02] [INFO] GET /api/logs
[2026-06-07 22:54:14] [INFO] GET /api/logs
[2026-06-07 22:54:32] [INFO] GET /api/logs
[2026-06-07 22:54:42] [INFO] GET /api/logs
[2026-06-07 22:58:30] [INFO] Server running on port 5000
[2026-06-07 22:58:46] [INFO] Server running on port 5000
[2026-06-07 22:59:49] [INFO] Server running on port 5000
[2026-06-07 23:00:02] [INFO] Server running on port 5000
[2026-06-07 23:00:31] [INFO] Server running on port 5000
[2026-06-07 23:00:44] [INFO] Server running on port 5000
[2026-06-07 23:01:08] [INFO] Server running on port 5000
[2026-06-07 23:01:43] [INFO] Server running on port 5000
[2026-06-07 23:02:19] [INFO] Server running on port 5000
[2026-06-07 23:02:28] [INFO] Server running on port 5000
[2026-06-07 23:02:31] [INFO] Server running on port 5000
[2026-06-07 23:02:37] [INFO] GET /api/logs
[2026-06-07 23:02:44] [INFO] GET /api/employees
[2026-06-07 23:03:42] [INFO] GET /api/employees
[2026-06-07 23:03:47] [INFO] GET /api/teams
[2026-06-07 23:03:48] [INFO] GET /api/logs
[2026-06-07 23:03:49] [INFO] GET /api/employees
[2026-06-07 23:03:50] [INFO] GET /api/teams
[2026-06-07 23:03:51] [INFO] GET /api/employees
[2026-06-07 23:03:52] [INFO] GET /api/logs
[2026-06-07 23:03:55] [INFO] GET /api/employees
[2026-06-07 23:04:26] [INFO] GET /api/teams
[2026-06-07 23:04:27] [INFO] GET /api/logs
[2026-06-07 23:04:33] [INFO] POST /api/auth/logout
[2026-06-07 23:04:33] [INFO] User 'evallo123@gmail.com' logged out.
[2026-06-07 23:05:03] [INFO] POST /api/auth/register
[2026-06-07 23:05:19] [INFO] POST /api/auth/login
[2026-06-07 23:05:20] [INFO] User 'acpl123@gmail.com' logged in.
[2026-06-07 23:05:20] [INFO] GET /api/employees
[2026-06-07 23:05:26] [INFO] GET /api/logs
[2026-06-07 23:05:29] [INFO] GET /api/employees
[2026-06-07 23:05:54] [INFO] POST /api/employees
[2026-06-07 23:05:54] [INFO] User 'acpl123@gmail.com' added new employee 'Siddharth'.
[2026-06-07 23:05:54] [INFO] GET /api/employees
[2026-06-07 23:05:57] [INFO] GET /api/logs
[2026-06-07 23:06:02] [INFO] GET /api/employees
[2026-06-07 23:06:05] [INFO] DELETE /api/employees/fb8f4556-1ea6-4a57-a811-066003ea6c7b
[2026-06-07 23:06:11] [INFO] DELETE /api/employees/fb8f4556-1ea6-4a57-a811-066003ea6c7b
[2026-06-07 23:06:15] [INFO] DELETE /api/employees/fb8f4556-1ea6-4a57-a811-066003ea6c7b
[2026-06-07 23:06:16] [INFO] GET /api/employees
[2026-06-07 23:06:18] [INFO] GET /api/logs
[2026-06-07 23:06:20] [INFO] GET /api/employees
[2026-06-07 23:06:22] [INFO] GET /api/logs
[2026-06-07 23:06:23] [INFO] GET /api/employees
[2026-06-07 23:06:24] [INFO] GET /api/employees
[2026-06-07 23:06:25] [INFO] GET /api/logs
[2026-06-07 23:06:26] [INFO] GET /api/employees
[2026-06-07 23:06:27] [INFO] GET /api/teams
[2026-06-07 23:06:39] [INFO] POST /api/teams
[2026-06-07 23:06:39] [INFO] User 'acpl123@gmail.com' created new team 'Evallo'.
[2026-06-07 23:06:39] [INFO] GET /api/teams
[2026-06-07 23:06:46] [INFO] GET /api/teams
[2026-06-07 23:06:50] [INFO] GET /api/logs
[2026-06-07 23:06:52] [INFO] GET /api/employees
[2026-06-07 23:06:53] [INFO] GET /api/teams
[2026-06-07 23:06:56] [INFO] DELETE /api/teams/c4ef4f26-1fa9-46cd-919f-531e915b3a92
[2026-06-07 23:06:56] [INFO] User 'acpl123@gmail.com' deleted team 'Evallo'.
[2026-06-07 23:06:56] [INFO] GET /api/teams
[2026-06-07 23:06:57] [INFO] GET /api/logs
[2026-06-07 23:06:59] [INFO] GET /api/employees
[2026-06-07 23:07:05] [INFO] GET /api/teams
[2026-06-07 23:07:07] [INFO] GET /api/logs
[2026-06-07 23:07:17] [INFO] GET /api/logs
[2026-06-07 23:09:45] [INFO] GET /api/logs
[2026-06-07 23:09:51] [INFO] GET /api/teams
[2026-06-07 23:10:01] [INFO] POST /api/teams
[2026-06-07 23:10:01] [INFO] User 'acpl123@gmail.com' created new team 'infosys'.
[2026-06-07 23:10:01] [INFO] GET /api/teams
[2026-06-07 23:10:09] [INFO] POST /api/teams
[2026-06-07 23:10:09] [INFO] User 'acpl123@gmail.com' created new team 'LTI'.
[2026-06-07 23:10:09] [INFO] GET /api/teams
[2026-06-07 23:10:15] [INFO] POST /api/teams
[2026-06-07 23:10:15] [INFO] User 'acpl123@gmail.com' created new team 'LTI'.
[2026-06-07 23:10:15] [INFO] GET /api/teams
[2026-06-07 23:10:21] [INFO] POST /api/teams
[2026-06-07 23:10:21] [INFO] User 'acpl123@gmail.com' created new team 'LTI'.
[2026-06-07 23:10:21] [INFO] GET /api/teams
[2026-06-07 23:10:28] [INFO] POST /api/teams
[2026-06-07 23:10:28] [INFO] User 'acpl123@gmail.com' created new team 'LTI'.
[2026-06-07 23:10:28] [INFO] GET /api/teams
[2026-06-07 23:10:36] [INFO] POST /api/teams
[2026-06-07 23:10:36] [INFO] User 'acpl123@gmail.com' created new team 'Evallo'.
[2026-06-07 23:10:36] [INFO] GET /api/teams
[2026-06-07 23:10:42] [INFO] POST /api/teams
[2026-06-07 23:10:42] [INFO] User 'acpl123@gmail.com' created new team 'Evallo'.
[2026-06-07 23:10:42] [INFO] GET /api/teams
[2026-06-07 23:10:45] [INFO] DELETE /api/teams/f9682224-eea5-4b35-a7db-37193e538416
[2026-06-07 23:10:45] [INFO] User 'acpl123@gmail.com' deleted team 'Evallo'.
[2026-06-07 23:10:45] [INFO] GET /api/teams
[2026-06-07 23:10:48] [INFO] DELETE /api/teams/f22ff4dd-091b-4644-a159-2aee59c46798
[2026-06-07 23:10:48] [INFO] User 'acpl123@gmail.com' deleted team 'Evallo'.
[2026-06-07 23:10:48] [INFO] GET /api/teams
[2026-06-07 23:10:50] [INFO] DELETE /api/teams/fc26f91a-8b09-4d90-a9b3-20e9e0f047dd
[2026-06-07 23:10:50] [INFO] User 'acpl123@gmail.com' deleted team 'LTI'.
[2026-06-07 23:10:50] [INFO] GET /api/teams
[2026-06-07 23:10:52] [INFO] DELETE /api/teams/428f4cb9-2e7e-4da2-8eeb-b0f4920ac1aa
[2026-06-07 23:10:52] [INFO] User 'acpl123@gmail.com' deleted team 'LTI'.
[2026-06-07 23:10:52] [INFO] GET /api/teams
[2026-06-07 23:10:56] [INFO] DELETE /api/teams/b06de8ba-ff36-45ea-b653-ae88c65b3eb2
[2026-06-07 23:10:56] [INFO] User 'acpl123@gmail.com' deleted team 'LTI'.
[2026-06-07 23:10:56] [INFO] GET /api/teams
[2026-06-07 23:10:59] [INFO] DELETE /api/teams/8091b376-1ce5-4b2b-b2d3-29d9a0daf3aa
[2026-06-07 23:10:59] [INFO] User 'acpl123@gmail.com' deleted team 'LTI'.
[2026-06-07 23:10:59] [INFO] GET /api/teams
[2026-06-07 23:11:01] [INFO] DELETE /api/teams/ef8b0554-236d-4988-8437-aad5c2f889d1
[2026-06-07 23:11:01] [INFO] User 'acpl123@gmail.com' deleted team 'infosys'.
[2026-06-07 23:11:01] [INFO] GET /api/teams
[2026-06-07 23:11:02] [INFO] GET /api/logs
[2026-06-07 23:11:12] [INFO] GET /api/logs
[2026-06-07 23:11:23] [INFO] GET /api/logs
[2026-06-07 23:11:29] [INFO] GET /api/logs
[2026-06-07 23:11:39] [INFO] GET /api/logs
[2026-06-07 23:11:46] [INFO] GET /api/logs
[2026-06-07 23:11:51] [INFO] GET /api/logs
[2026-06-07 23:12:58] [INFO] GET /api/logs
[2026-06-07 23:13:07] [INFO] GET /api/logs
[2026-06-07 23:13:36] [INFO] GET /api/logs
[2026-06-07 23:13:44] [INFO] GET /api/logs
[2026-06-07 23:13:54] [INFO] GET /api/logs
[2026-06-07 23:14:04] [INFO] GET /api/logs
[2026-06-07 23:16:32] [INFO] GET /api/logs
[2026-06-07 23:16:44] [INFO] GET /api/logs
[2026-06-07 23:16:54] [INFO] GET /api/logs
[2026-06-07 23:17:04] [INFO] GET /api/logs
[2026-06-07 23:17:14] [INFO] GET /api/logs
[2026-06-07 23:17:45] [INFO] GET /api/logs
[2026-06-07 23:18:15] [INFO] GET /api/logs
[2026-06-07 23:18:15] [INFO] GET /api/logs
[2026-06-07 23:18:23] [INFO] GET /api/logs
[2026-06-07 23:18:26] [INFO] GET /api/logs
[2026-06-07 23:18:34] [INFO] GET /api/logs
[2026-06-07 23:18:36] [INFO] GET /api/logs
[2026-06-07 23:18:37] [INFO] GET /api/logs
[2026-06-07 23:18:47] [INFO] GET /api/logs
[2026-06-07 23:18:57] [INFO] GET /api/logs
[2026-06-07 23:19:15] [INFO] GET /api/logs
[2026-06-07 23:19:26] [INFO] GET /api/logs
[2026-06-07 23:22:19] [INFO] GET /api/logs
[2026-06-07 23:23:24] [INFO] GET /api/logs
[2026-06-07 23:24:11] [INFO] GET /api/logs
[2026-06-07 23:24:21] [INFO] GET /api/logs
[2026-06-07 23:24:31] [INFO] GET /api/logs
[2026-06-07 23:24:42] [INFO] GET /api/logs
[2026-06-07 23:24:52] [INFO] GET /api/logs
[2026-06-07 23:25:02] [INFO] GET /api/logs
[2026-06-07 23:25:12] [INFO] GET /api/logs
[2026-06-07 23:25:22] [INFO] GET /api/logs
[2026-06-07 23:25:32] [INFO] GET /api/logs
[2026-06-07 23:25:42] [INFO] GET /api/logs
[2026-06-07 23:25:52] [INFO] GET /api/logs
[2026-06-07 23:26:02] [INFO] GET /api/logs
[2026-06-07 23:26:12] [INFO] GET /api/logs
[2026-06-07 23:26:22] [INFO] GET /api/logs
[2026-06-07 23:26:42] [INFO] GET /api/logs
[2026-06-07 23:27:10] [INFO] GET /api/logs
[2026-06-07 23:27:17] [INFO] GET /api/teams
[2026-06-07 23:27:22] [INFO] GET /api/logs
[2026-06-07 23:27:24] [INFO] GET /api/teams
[2026-06-07 23:27:28] [INFO] POST /api/teams
[2026-06-07 23:27:28] [INFO] User 'acpl123@gmail.com' created new team 'ccwc'.
[2026-06-07 23:27:28] [INFO] GET /api/teams
[2026-06-07 23:27:31] [INFO] DELETE /api/teams/744a36e7-3d42-41b2-8005-b30363ddd123
[2026-06-07 23:27:31] [INFO] User 'acpl123@gmail.com' deleted team 'ccwc'.
[2026-06-07 23:27:31] [INFO] GET /api/teams
[2026-06-07 23:27:33] [INFO] GET /api/logs
[2026-06-07 23:27:43] [INFO] GET /api/logs
[2026-06-07 23:31:16] [INFO] GET /api/logs
[2026-06-07 23:32:16] [INFO] GET /api/logs
[2026-06-07 23:32:33] [INFO] GET /api/logs
[2026-06-07 23:32:39] [INFO] GET /api/logs
[2026-06-07 23:32:51] [INFO] GET /api/logs
[2026-06-07 23:33:04] [INFO] GET /api/logs
[2026-06-07 23:34:00] [INFO] GET /api/logs
[2026-06-07 23:34:09] [INFO] GET /api/logs
[2026-06-07 23:34:55] [INFO] GET /api/logs
[2026-06-07 23:35:25] [INFO] GET /api/logs
[2026-06-07 23:35:38] [INFO] GET /api/logs
[2026-06-07 23:36:30] [INFO] GET /api/logs
[2026-06-07 23:36:36] [INFO] GET /api/logs
[2026-06-07 23:36:39] [INFO] GET /api/logs
[2026-06-07 23:37:39] [INFO] GET /api/logs
[2026-06-07 23:37:47] [INFO] GET /api/logs
[2026-06-07 23:37:58] [INFO] GET /api/logs
[2026-06-07 23:38:12] [INFO] GET /api/logs
[2026-06-07 23:38:33] [INFO] GET /api/logs
[2026-06-07 23:38:35] [INFO] GET /api/teams
[2026-06-07 23:38:36] [INFO] GET /api/employees
[2026-06-07 23:38:37] [INFO] GET /api/teams
[2026-06-07 23:38:39] [INFO] GET /api/employees
[2026-06-07 23:38:40] [INFO] GET /api/logs
[2026-06-07 23:38:41] [INFO] GET /api/teams
[2026-06-07 23:38:43] [INFO] GET /api/logs
[2026-06-07 23:38:45] [INFO] GET /api/teams
[2026-06-07 23:38:54] [INFO] POST /api/teams
[2026-06-07 23:38:54] [INFO] User 'acpl123@gmail.com' created new team 'cwrc'.
[2026-06-07 23:38:54] [INFO] GET /api/teams
[2026-06-07 23:38:57] [INFO] DELETE /api/teams/92f7ca21-6d38-4f28-986c-3ef3f3d096f2
[2026-06-07 23:38:57] [INFO] User 'acpl123@gmail.com' deleted team 'cwrc'.
[2026-06-07 23:38:57] [INFO] GET /api/teams
[2026-06-07 23:38:58] [INFO] GET /api/employees
[2026-06-07 23:39:03] [INFO] POST /api/auth/logout
[2026-06-07 23:39:03] [INFO] User 'acpl123@gmail.com' logged out.
